<?xml version="1.0" encoding="UTF-8"?>
<!-- Generated by org.testng.reporters.JUnitReportReporter -->
<testsuite hostname="LIN-J4ZS7G3" failures="0" tests="1" name="Day1.Test2" time="10.957" errors="0" timestamp="2025-01-21T01:13:50 IST" skipped="0">
  <testcase classname="Day1.Test2" name="tc9" time="10.957"/>
</testsuite> <!-- Day1.Test2 -->
