<?xml version="1.0" encoding="UTF-8"?>
<!-- Generated by org.testng.reporters.JUnitReportReporter -->
<testsuite hostname="LIN-J4ZS7G3" failures="0" tests="1" name="Day1.Test1" time="3.666" errors="0" timestamp="2025-01-16T17:50:44 IST" skipped="0">
  <testcase classname="Day1.Test1" name="tc5" time="3.666"/>
</testsuite> <!-- Day1.Test1 -->
