<?xml version="1.0" encoding="UTF-8"?>
<!-- Generated by org.testng.reporters.JUnitReportReporter -->
<testsuite hostname="LIN-J4ZS7G3" failures="0" tests="1" name="Day1.Test2" time="6.463" errors="0" timestamp="2025-01-21T00:22:04 IST" skipped="0">
  <testcase classname="Day1.Test2" name="tc6" time="6.463"/>
</testsuite> <!-- Day1.Test2 -->
